<?xml version="1.0" encoding="UTF-8"?>
<!-- Generated by org.testng.reporters.JUnitReportReporter -->
<testsuite ignored="0" hostname="DESKTOP-NES6JPU" failures="0" tests="1" name="test.TestSel" time="5.641" errors="0" timestamp="02 abr. 2022 04:49:57 GMT" skipped="0">
  <testcase classname="test.TestSel" name="Selenium_test01" time="5.641"/>
</testsuite> <!-- test.TestSel -->
